2023-12-12 00:23:23,502 - root - INFO - Start Training
2023-12-12 00:23:23,513 - root - INFO - Using Device: 
2023-12-12 00:23:23,513 - root - INFO - Classifier initialized: Define the left convolutional branch
2023-12-12 00:23:23,513 - root - INFO - Classifier initialized: Define the middle convolutional branch
2023-12-12 00:23:23,513 - root - INFO - Classifier initialized: Define the right convolutional branch
2023-12-12 00:23:23,514 - root - INFO - Classifier initialized: Define the combined layer after concatenating the outputs from the three branches
2023-12-12 00:23:23,517 - root - INFO - Classifier initialized: Define fully connected layers for each branch after the combined layer
2023-12-12 00:23:23,961 - root - INFO - Model training measurement
2023-12-12 00:23:24,988 - root - INFO - Store training accuracy & loss into history
2023-12-12 00:23:25,121 - root - INFO - Store training accuracy & loss into history
2023-12-12 00:23:25,241 - root - INFO - Store training accuracy & loss into history
2023-12-12 00:23:25,364 - root - INFO - Store training accuracy & loss into history
2023-12-12 00:23:25,489 - root - INFO - Store training accuracy & loss into history
2023-12-12 00:23:25,621 - root - INFO - Store training accuracy & loss into history
2023-12-12 00:23:25,747 - root - INFO - Store training accuracy & loss into history
2023-12-12 00:23:25,867 - root - INFO - Store training accuracy & loss into history
2023-12-12 00:23:25,985 - root - INFO - Store training accuracy & loss into history
2023-12-12 00:23:26,102 - root - INFO - Store training accuracy & loss into history
2023-12-12 00:23:26,219 - root - INFO - Store training accuracy & loss into history
2023-12-12 00:23:26,338 - root - INFO - Store training accuracy & loss into history
2023-12-12 00:23:26,457 - root - INFO - Store training accuracy & loss into history
2023-12-12 00:23:26,575 - root - INFO - Store training accuracy & loss into history
2023-12-12 00:23:26,695 - root - INFO - Store training accuracy & loss into history
2023-12-12 00:23:26,815 - root - INFO - Store training accuracy & loss into history
2023-12-12 00:23:26,934 - root - INFO - Store training accuracy & loss into history
2023-12-12 00:23:27,051 - root - INFO - Store training accuracy & loss into history
2023-12-12 00:23:27,170 - root - INFO - Store training accuracy & loss into history
2023-12-12 00:23:27,289 - root - INFO - Store training accuracy & loss into history
2023-12-12 00:23:27,408 - root - INFO - Store training accuracy & loss into history
2023-12-12 00:23:27,527 - root - INFO - Store training accuracy & loss into history
2023-12-12 00:23:27,645 - root - INFO - Store training accuracy & loss into history
2023-12-12 00:23:27,763 - root - INFO - Store training accuracy & loss into history
2023-12-12 00:23:27,880 - root - INFO - Store training accuracy & loss into history
2023-12-12 00:23:27,999 - root - INFO - Store training accuracy & loss into history
2023-12-12 00:23:28,117 - root - INFO - Store training accuracy & loss into history
2023-12-12 00:23:28,236 - root - INFO - Store training accuracy & loss into history
2023-12-12 00:23:28,353 - root - INFO - Store training accuracy & loss into history
2023-12-12 00:23:28,471 - root - INFO - Store training accuracy & loss into history
2023-12-12 00:23:28,588 - root - INFO - Store training accuracy & loss into history
2023-12-12 00:23:28,707 - root - INFO - Store training accuracy & loss into history
2023-12-12 00:23:28,824 - root - INFO - Store training accuracy & loss into history
2023-12-12 00:23:28,942 - root - INFO - Store training accuracy & loss into history
2023-12-12 00:23:29,060 - root - INFO - Store training accuracy & loss into history
2023-12-12 00:23:29,177 - root - INFO - Store training accuracy & loss into history
2023-12-12 00:23:29,294 - root - INFO - Store training accuracy & loss into history
2023-12-12 00:23:29,411 - root - INFO - Store training accuracy & loss into history
2023-12-12 00:23:29,530 - root - INFO - Store training accuracy & loss into history
2023-12-12 00:23:29,648 - root - INFO - Store training accuracy & loss into history
2023-12-12 00:23:29,767 - root - INFO - Store training accuracy & loss into history
2023-12-12 00:23:29,886 - root - INFO - Store training accuracy & loss into history
2023-12-12 00:23:30,005 - root - INFO - Store training accuracy & loss into history
2023-12-12 00:23:30,124 - root - INFO - Store training accuracy & loss into history
2023-12-12 00:23:30,243 - root - INFO - Store training accuracy & loss into history
2023-12-12 00:23:30,361 - root - INFO - Store training accuracy & loss into history
2023-12-12 00:23:30,478 - root - INFO - Store training accuracy & loss into history
2023-12-12 00:23:30,595 - root - INFO - Store training accuracy & loss into history
2023-12-12 00:23:30,713 - root - INFO - Store training accuracy & loss into history
2023-12-12 00:23:30,831 - root - INFO - Store training accuracy & loss into history
2023-12-12 00:23:30,948 - root - INFO - Store training accuracy & loss into history
2023-12-12 00:23:31,067 - root - INFO - Store training accuracy & loss into history
2023-12-12 00:23:31,186 - root - INFO - Store training accuracy & loss into history
2023-12-12 00:23:31,304 - root - INFO - Store training accuracy & loss into history
2023-12-12 00:23:31,421 - root - INFO - Store training accuracy & loss into history
2023-12-12 00:23:31,538 - root - INFO - Store training accuracy & loss into history
2023-12-12 00:23:31,657 - root - INFO - Store training accuracy & loss into history
2023-12-12 00:23:31,775 - root - INFO - Store training accuracy & loss into history
2023-12-12 00:23:31,893 - root - INFO - Store training accuracy & loss into history
2023-12-12 00:23:32,010 - root - INFO - Store training accuracy & loss into history
2023-12-12 00:23:32,127 - root - INFO - Store training accuracy & loss into history
2023-12-12 00:23:32,245 - root - INFO - Store training accuracy & loss into history
2023-12-12 00:23:32,363 - root - INFO - Store training accuracy & loss into history
2023-12-12 00:23:32,481 - root - INFO - Store training accuracy & loss into history
2023-12-12 00:23:32,600 - root - INFO - Store training accuracy & loss into history
2023-12-12 00:23:32,718 - root - INFO - Store training accuracy & loss into history
2023-12-12 00:23:32,836 - root - INFO - Store training accuracy & loss into history
2023-12-12 00:23:32,954 - root - INFO - Store training accuracy & loss into history
2023-12-12 00:23:33,072 - root - INFO - Store training accuracy & loss into history
2023-12-12 00:23:33,190 - root - INFO - Store training accuracy & loss into history
2023-12-12 00:23:33,309 - root - INFO - Store training accuracy & loss into history
2023-12-12 00:23:33,427 - root - INFO - Store training accuracy & loss into history
2023-12-12 00:23:33,544 - root - INFO - Store training accuracy & loss into history
2023-12-12 00:23:33,662 - root - INFO - Store training accuracy & loss into history
2023-12-12 00:23:33,781 - root - INFO - Store training accuracy & loss into history
2023-12-12 00:23:33,900 - root - INFO - Store training accuracy & loss into history
2023-12-12 00:23:34,019 - root - INFO - Store training accuracy & loss into history
2023-12-12 00:23:34,139 - root - INFO - Store training accuracy & loss into history
2023-12-12 00:23:34,259 - root - INFO - Store training accuracy & loss into history
2023-12-12 00:23:34,377 - root - INFO - Store training accuracy & loss into history
2023-12-12 00:23:34,496 - root - INFO - Store training accuracy & loss into history
2023-12-12 00:23:34,616 - root - INFO - Store training accuracy & loss into history
2023-12-12 00:23:34,733 - root - INFO - Store training accuracy & loss into history
2023-12-12 00:23:34,852 - root - INFO - Store training accuracy & loss into history
2023-12-12 00:23:34,972 - root - INFO - Store training accuracy & loss into history
2023-12-12 00:23:35,091 - root - INFO - Store training accuracy & loss into history
2023-12-12 00:23:35,208 - root - INFO - Store training accuracy & loss into history
2023-12-12 00:23:35,328 - root - INFO - Store training accuracy & loss into history
2023-12-12 00:23:35,446 - root - INFO - Store training accuracy & loss into history
2023-12-12 00:23:35,564 - root - INFO - Store training accuracy & loss into history
2023-12-12 00:23:35,682 - root - INFO - Store training accuracy & loss into history
2023-12-12 00:23:36,184 - root - INFO - Store training accuracy & loss into history
2023-12-12 00:23:36,186 - root - INFO - Validation is calculating
2023-12-12 00:23:36,970 - root - INFO - Store validation accuracy & loss into history
2023-12-12 00:23:36,970 - root - INFO - Validation is done
2023-12-12 00:23:36,970 - root - INFO - Saving model1
2023-12-12 00:23:37,120 - root - INFO - Store training accuracy & loss into history
2023-12-12 00:23:37,238 - root - INFO - Store training accuracy & loss into history
2023-12-12 00:23:37,355 - root - INFO - Store training accuracy & loss into history
2023-12-12 00:23:37,471 - root - INFO - Store training accuracy & loss into history
2023-12-12 00:23:37,592 - root - INFO - Store training accuracy & loss into history
2023-12-12 00:23:37,712 - root - INFO - Store training accuracy & loss into history
2023-12-12 00:23:37,842 - root - INFO - Store training accuracy & loss into history
2023-12-12 00:23:37,969 - root - INFO - Store training accuracy & loss into history
2023-12-12 00:23:38,102 - root - INFO - Store training accuracy & loss into history
2023-12-12 00:23:38,231 - root - INFO - Store training accuracy & loss into history
2023-12-12 00:23:38,358 - root - INFO - Store training accuracy & loss into history
2023-12-12 00:23:38,488 - root - INFO - Store training accuracy & loss into history
2023-12-12 00:23:38,608 - root - INFO - Store training accuracy & loss into history
2023-12-12 00:23:38,729 - root - INFO - Store training accuracy & loss into history
2023-12-12 00:23:38,847 - root - INFO - Store training accuracy & loss into history
2023-12-12 00:23:38,965 - root - INFO - Store training accuracy & loss into history
2023-12-12 00:23:39,083 - root - INFO - Store training accuracy & loss into history
2023-12-12 00:23:39,199 - root - INFO - Store training accuracy & loss into history
2023-12-12 00:23:39,315 - root - INFO - Store training accuracy & loss into history
2023-12-12 00:23:39,431 - root - INFO - Store training accuracy & loss into history
2023-12-12 00:23:39,547 - root - INFO - Store training accuracy & loss into history
2023-12-12 00:23:39,662 - root - INFO - Store training accuracy & loss into history
2023-12-12 00:23:39,778 - root - INFO - Store training accuracy & loss into history
2023-12-12 00:23:39,894 - root - INFO - Store training accuracy & loss into history
2023-12-12 00:23:40,009 - root - INFO - Store training accuracy & loss into history
2023-12-12 00:23:40,125 - root - INFO - Store training accuracy & loss into history
2023-12-12 00:23:40,242 - root - INFO - Store training accuracy & loss into history
2023-12-12 00:23:40,357 - root - INFO - Store training accuracy & loss into history
2023-12-12 00:23:40,473 - root - INFO - Store training accuracy & loss into history
2023-12-12 00:23:40,608 - root - INFO - Store training accuracy & loss into history
2023-12-12 00:23:40,725 - root - INFO - Store training accuracy & loss into history
2023-12-12 00:23:40,840 - root - INFO - Store training accuracy & loss into history
2023-12-12 00:23:40,955 - root - INFO - Store training accuracy & loss into history
2023-12-12 00:23:41,071 - root - INFO - Store training accuracy & loss into history
2023-12-12 00:23:41,185 - root - INFO - Store training accuracy & loss into history
2023-12-12 00:23:41,300 - root - INFO - Store training accuracy & loss into history
2023-12-12 00:23:41,416 - root - INFO - Store training accuracy & loss into history
2023-12-12 00:23:41,531 - root - INFO - Store training accuracy & loss into history
2023-12-12 00:23:41,646 - root - INFO - Store training accuracy & loss into history
2023-12-12 00:23:41,762 - root - INFO - Store training accuracy & loss into history
2023-12-12 00:23:41,877 - root - INFO - Store training accuracy & loss into history
2023-12-12 00:23:41,994 - root - INFO - Store training accuracy & loss into history
2023-12-12 00:23:42,114 - root - INFO - Store training accuracy & loss into history
2023-12-12 00:23:42,229 - root - INFO - Store training accuracy & loss into history
2023-12-12 00:23:42,345 - root - INFO - Store training accuracy & loss into history
2023-12-12 00:23:42,460 - root - INFO - Store training accuracy & loss into history
2023-12-12 00:23:42,574 - root - INFO - Store training accuracy & loss into history
2023-12-12 00:23:42,690 - root - INFO - Store training accuracy & loss into history
2023-12-12 00:23:42,806 - root - INFO - Store training accuracy & loss into history
2023-12-12 00:23:42,921 - root - INFO - Store training accuracy & loss into history
2023-12-12 00:23:43,036 - root - INFO - Store training accuracy & loss into history
2023-12-12 00:23:43,150 - root - INFO - Store training accuracy & loss into history
2023-12-12 00:23:43,265 - root - INFO - Store training accuracy & loss into history
2023-12-12 00:23:43,381 - root - INFO - Store training accuracy & loss into history
2023-12-12 00:23:43,496 - root - INFO - Store training accuracy & loss into history
2023-12-12 00:23:43,611 - root - INFO - Store training accuracy & loss into history
2023-12-12 00:23:43,727 - root - INFO - Store training accuracy & loss into history
2023-12-12 00:23:43,843 - root - INFO - Store training accuracy & loss into history
2023-12-12 00:23:43,957 - root - INFO - Store training accuracy & loss into history
2023-12-12 00:23:44,072 - root - INFO - Store training accuracy & loss into history
2023-12-12 00:23:44,187 - root - INFO - Store training accuracy & loss into history
2023-12-12 00:23:44,302 - root - INFO - Store training accuracy & loss into history
2023-12-12 00:23:44,417 - root - INFO - Store training accuracy & loss into history
2023-12-12 00:23:44,532 - root - INFO - Store training accuracy & loss into history
2023-12-12 00:23:44,647 - root - INFO - Store training accuracy & loss into history
2023-12-12 00:23:44,762 - root - INFO - Store training accuracy & loss into history
2023-12-12 00:23:44,877 - root - INFO - Store training accuracy & loss into history
2023-12-12 00:23:44,992 - root - INFO - Store training accuracy & loss into history
2023-12-12 00:23:45,106 - root - INFO - Store training accuracy & loss into history
2023-12-12 00:23:45,221 - root - INFO - Store training accuracy & loss into history
2023-12-12 00:23:45,335 - root - INFO - Store training accuracy & loss into history
2023-12-12 00:23:45,450 - root - INFO - Store training accuracy & loss into history
2023-12-12 00:23:45,564 - root - INFO - Store training accuracy & loss into history
2023-12-12 00:23:45,679 - root - INFO - Store training accuracy & loss into history
2023-12-12 00:23:45,794 - root - INFO - Store training accuracy & loss into history
2023-12-12 00:23:45,909 - root - INFO - Store training accuracy & loss into history
2023-12-12 00:23:46,023 - root - INFO - Store training accuracy & loss into history
2023-12-12 00:23:46,138 - root - INFO - Store training accuracy & loss into history
2023-12-12 00:23:46,266 - root - INFO - Store training accuracy & loss into history
2023-12-12 00:23:46,389 - root - INFO - Store training accuracy & loss into history
2023-12-12 00:23:46,514 - root - INFO - Store training accuracy & loss into history
2023-12-12 00:23:46,631 - root - INFO - Store training accuracy & loss into history
2023-12-12 00:23:46,748 - root - INFO - Store training accuracy & loss into history
2023-12-12 00:23:46,871 - root - INFO - Store training accuracy & loss into history
2023-12-12 00:23:46,998 - root - INFO - Store training accuracy & loss into history
2023-12-12 00:23:47,121 - root - INFO - Store training accuracy & loss into history
2023-12-12 00:23:47,245 - root - INFO - Store training accuracy & loss into history
2023-12-12 00:23:47,361 - root - INFO - Store training accuracy & loss into history
2023-12-12 00:23:47,476 - root - INFO - Store training accuracy & loss into history
2023-12-12 00:23:47,592 - root - INFO - Store training accuracy & loss into history
2023-12-12 00:23:47,708 - root - INFO - Store training accuracy & loss into history
2023-12-12 00:23:47,814 - root - INFO - Store training accuracy & loss into history
2023-12-12 00:23:47,816 - root - INFO - Validation is calculating
2023-12-12 00:23:48,454 - root - INFO - Store validation accuracy & loss into history
2023-12-12 00:23:48,454 - root - INFO - Validation is done
2023-12-12 00:23:48,454 - root - INFO - Saving model1
2023-12-12 00:23:48,591 - root - INFO - Store training accuracy & loss into history
2023-12-12 00:23:48,708 - root - INFO - Store training accuracy & loss into history
2023-12-12 00:23:48,825 - root - INFO - Store training accuracy & loss into history
2023-12-12 00:23:48,942 - root - INFO - Store training accuracy & loss into history
2023-12-12 00:23:49,060 - root - INFO - Store training accuracy & loss into history
2023-12-12 00:23:49,182 - root - INFO - Store training accuracy & loss into history
2023-12-12 00:23:49,301 - root - INFO - Store training accuracy & loss into history
2023-12-12 00:23:49,416 - root - INFO - Store training accuracy & loss into history
2023-12-12 00:23:49,537 - root - INFO - Store training accuracy & loss into history
2023-12-12 00:23:49,661 - root - INFO - Store training accuracy & loss into history
2023-12-12 00:23:49,779 - root - INFO - Store training accuracy & loss into history
2023-12-12 00:23:49,897 - root - INFO - Store training accuracy & loss into history
2023-12-12 00:23:50,016 - root - INFO - Store training accuracy & loss into history
2023-12-12 00:23:50,145 - root - INFO - Store training accuracy & loss into history
2023-12-12 00:23:50,273 - root - INFO - Store training accuracy & loss into history
2023-12-12 00:23:50,400 - root - INFO - Store training accuracy & loss into history
2023-12-12 00:23:50,519 - root - INFO - Store training accuracy & loss into history
2023-12-12 00:23:50,635 - root - INFO - Store training accuracy & loss into history
2023-12-12 00:23:50,751 - root - INFO - Store training accuracy & loss into history
2023-12-12 00:23:50,874 - root - INFO - Store training accuracy & loss into history
2023-12-12 00:23:50,996 - root - INFO - Store training accuracy & loss into history
2023-12-12 00:23:51,121 - root - INFO - Store training accuracy & loss into history
2023-12-12 00:23:51,248 - root - INFO - Store training accuracy & loss into history
2023-12-12 00:23:51,373 - root - INFO - Store training accuracy & loss into history
2023-12-12 00:23:51,495 - root - INFO - Store training accuracy & loss into history
2023-12-12 00:23:51,619 - root - INFO - Store training accuracy & loss into history
2023-12-12 00:23:51,737 - root - INFO - Store training accuracy & loss into history
2023-12-12 00:23:51,853 - root - INFO - Store training accuracy & loss into history
2023-12-12 00:23:51,971 - root - INFO - Store training accuracy & loss into history
2023-12-12 00:23:52,086 - root - INFO - Store training accuracy & loss into history
2023-12-12 00:23:52,201 - root - INFO - Store training accuracy & loss into history
2023-12-12 00:23:52,317 - root - INFO - Store training accuracy & loss into history
2023-12-12 00:23:52,432 - root - INFO - Store training accuracy & loss into history
2023-12-12 00:23:52,553 - root - INFO - Store training accuracy & loss into history
2023-12-12 00:23:52,673 - root - INFO - Store training accuracy & loss into history
2023-12-12 00:23:52,791 - root - INFO - Store training accuracy & loss into history
2023-12-12 00:23:52,908 - root - INFO - Store training accuracy & loss into history
2023-12-12 00:23:53,025 - root - INFO - Store training accuracy & loss into history
2023-12-12 00:23:53,142 - root - INFO - Store training accuracy & loss into history
2023-12-12 00:23:53,258 - root - INFO - Store training accuracy & loss into history
2023-12-12 00:23:53,374 - root - INFO - Store training accuracy & loss into history
2023-12-12 00:23:53,490 - root - INFO - Store training accuracy & loss into history
2023-12-12 00:23:53,608 - root - INFO - Store training accuracy & loss into history
2023-12-12 00:23:53,726 - root - INFO - Store training accuracy & loss into history
2023-12-12 00:23:53,843 - root - INFO - Store training accuracy & loss into history
2023-12-12 00:23:53,960 - root - INFO - Store training accuracy & loss into history
2023-12-12 00:23:54,078 - root - INFO - Store training accuracy & loss into history
2023-12-12 00:23:54,195 - root - INFO - Store training accuracy & loss into history
2023-12-12 00:23:54,312 - root - INFO - Store training accuracy & loss into history
2023-12-12 00:23:54,428 - root - INFO - Store training accuracy & loss into history
2023-12-12 00:23:54,544 - root - INFO - Store training accuracy & loss into history
2023-12-12 00:23:54,661 - root - INFO - Store training accuracy & loss into history
2023-12-12 00:23:54,779 - root - INFO - Store training accuracy & loss into history
2023-12-12 00:23:54,897 - root - INFO - Store training accuracy & loss into history
2023-12-12 00:23:55,014 - root - INFO - Store training accuracy & loss into history
2023-12-12 00:23:55,129 - root - INFO - Store training accuracy & loss into history
2023-12-12 00:23:55,246 - root - INFO - Store training accuracy & loss into history
2023-12-12 00:23:55,362 - root - INFO - Store training accuracy & loss into history
2023-12-12 00:23:55,477 - root - INFO - Store training accuracy & loss into history
2023-12-12 00:23:55,593 - root - INFO - Store training accuracy & loss into history
2023-12-12 00:23:55,708 - root - INFO - Store training accuracy & loss into history
2023-12-12 00:23:55,824 - root - INFO - Store training accuracy & loss into history
2023-12-12 00:23:55,940 - root - INFO - Store training accuracy & loss into history
2023-12-12 00:23:56,055 - root - INFO - Store training accuracy & loss into history
2023-12-12 00:23:56,171 - root - INFO - Store training accuracy & loss into history
2023-12-12 00:23:56,287 - root - INFO - Store training accuracy & loss into history
2023-12-12 00:23:56,403 - root - INFO - Store training accuracy & loss into history
2023-12-12 00:23:56,519 - root - INFO - Store training accuracy & loss into history
2023-12-12 00:23:56,635 - root - INFO - Store training accuracy & loss into history
2023-12-12 00:23:56,750 - root - INFO - Store training accuracy & loss into history
2023-12-12 00:23:56,866 - root - INFO - Store training accuracy & loss into history
2023-12-12 00:23:56,982 - root - INFO - Store training accuracy & loss into history
2023-12-12 00:23:57,099 - root - INFO - Store training accuracy & loss into history
2023-12-12 00:23:57,215 - root - INFO - Store training accuracy & loss into history
2023-12-12 00:23:57,331 - root - INFO - Store training accuracy & loss into history
2023-12-12 00:23:57,447 - root - INFO - Store training accuracy & loss into history
2023-12-12 00:23:57,562 - root - INFO - Store training accuracy & loss into history
2023-12-12 00:23:57,678 - root - INFO - Store training accuracy & loss into history
2023-12-12 00:23:57,793 - root - INFO - Store training accuracy & loss into history
2023-12-12 00:23:57,909 - root - INFO - Store training accuracy & loss into history
2023-12-12 00:23:58,026 - root - INFO - Store training accuracy & loss into history
2023-12-12 00:23:58,143 - root - INFO - Store training accuracy & loss into history
2023-12-12 00:23:58,259 - root - INFO - Store training accuracy & loss into history
2023-12-12 00:23:58,376 - root - INFO - Store training accuracy & loss into history
2023-12-12 00:23:58,493 - root - INFO - Store training accuracy & loss into history
2023-12-12 00:23:58,610 - root - INFO - Store training accuracy & loss into history
2023-12-12 00:23:58,727 - root - INFO - Store training accuracy & loss into history
2023-12-12 00:23:58,844 - root - INFO - Store training accuracy & loss into history
2023-12-12 00:23:58,964 - root - INFO - Store training accuracy & loss into history
2023-12-12 00:23:59,080 - root - INFO - Store training accuracy & loss into history
2023-12-12 00:23:59,196 - root - INFO - Store training accuracy & loss into history
2023-12-12 00:23:59,306 - root - INFO - Store training accuracy & loss into history
2023-12-12 00:23:59,307 - root - INFO - Validation is calculating
2023-12-12 00:23:59,963 - root - INFO - Store validation accuracy & loss into history
2023-12-12 00:23:59,963 - root - INFO - Validation is done
2023-12-12 00:23:59,963 - root - INFO - Saving model1
2023-12-12 00:24:00,008 - root - INFO - Training is done
2023-12-12 00:24:00,008 - root - INFO - Start Evaluation
2023-12-12 00:24:00,081 - root - INFO - Model is predicting.
2023-12-12 00:24:00,109 - root - INFO - Model has finished predicting & store the labels and predicted
2023-12-12 00:24:00,111 - root - INFO - Model is predicting.
2023-12-12 00:24:00,132 - root - INFO - Model has finished predicting & store the labels and predicted
2023-12-12 00:24:00,134 - root - INFO - Model is predicting.
2023-12-12 00:24:00,155 - root - INFO - Model has finished predicting & store the labels and predicted
2023-12-12 00:24:00,157 - root - INFO - Model is predicting.
2023-12-12 00:24:00,177 - root - INFO - Model has finished predicting & store the labels and predicted
2023-12-12 00:24:00,178 - root - INFO - Model is predicting.
2023-12-12 00:24:00,198 - root - INFO - Model has finished predicting & store the labels and predicted
2023-12-12 00:24:00,199 - root - INFO - Model is predicting.
2023-12-12 00:24:00,219 - root - INFO - Model has finished predicting & store the labels and predicted
2023-12-12 00:24:00,221 - root - INFO - Model is predicting.
2023-12-12 00:24:00,240 - root - INFO - Model has finished predicting & store the labels and predicted
2023-12-12 00:24:00,242 - root - INFO - Model is predicting.
2023-12-12 00:24:00,262 - root - INFO - Model has finished predicting & store the labels and predicted
2023-12-12 00:24:00,263 - root - INFO - Model is predicting.
2023-12-12 00:24:00,283 - root - INFO - Model has finished predicting & store the labels and predicted
2023-12-12 00:24:00,284 - root - INFO - Model is predicting.
2023-12-12 00:24:00,304 - root - INFO - Model has finished predicting & store the labels and predicted
2023-12-12 00:24:00,306 - root - INFO - Model is predicting.
2023-12-12 00:24:00,326 - root - INFO - Model has finished predicting & store the labels and predicted
2023-12-12 00:24:00,327 - root - INFO - Model is predicting.
2023-12-12 00:24:00,347 - root - INFO - Model has finished predicting & store the labels and predicted
2023-12-12 00:24:00,349 - root - INFO - Model is predicting.
2023-12-12 00:24:00,369 - root - INFO - Model has finished predicting & store the labels and predicted
2023-12-12 00:24:00,370 - root - INFO - Model is predicting.
2023-12-12 00:24:00,390 - root - INFO - Model has finished predicting & store the labels and predicted
2023-12-12 00:24:00,392 - root - INFO - Model is predicting.
2023-12-12 00:24:00,411 - root - INFO - Model has finished predicting & store the labels and predicted
2023-12-12 00:24:00,413 - root - INFO - Model is predicting.
2023-12-12 00:24:00,433 - root - INFO - Model has finished predicting & store the labels and predicted
2023-12-12 00:24:00,434 - root - INFO - Model is predicting.
2023-12-12 00:24:00,454 - root - INFO - Model has finished predicting & store the labels and predicted
2023-12-12 00:24:00,456 - root - INFO - Model is predicting.
2023-12-12 00:24:00,476 - root - INFO - Model has finished predicting & store the labels and predicted
2023-12-12 00:24:00,477 - root - INFO - Model is predicting.
2023-12-12 00:24:00,497 - root - INFO - Model has finished predicting & store the labels and predicted
2023-12-12 00:24:00,499 - root - INFO - Model is predicting.
2023-12-12 00:24:00,518 - root - INFO - Model has finished predicting & store the labels and predicted
2023-12-12 00:24:00,520 - root - INFO - Model is predicting.
2023-12-12 00:24:00,540 - root - INFO - Model has finished predicting & store the labels and predicted
2023-12-12 00:24:00,541 - root - INFO - Model is predicting.
2023-12-12 00:24:00,561 - root - INFO - Model has finished predicting & store the labels and predicted
2023-12-12 00:24:00,563 - root - INFO - Model is predicting.
2023-12-12 00:24:00,583 - root - INFO - Model has finished predicting & store the labels and predicted
2023-12-12 00:24:00,585 - root - INFO - Model is predicting.
2023-12-12 00:24:00,606 - root - INFO - Model has finished predicting & store the labels and predicted
2023-12-12 00:24:00,607 - root - INFO - Model is predicting.
2023-12-12 00:24:00,628 - root - INFO - Model has finished predicting & store the labels and predicted
2023-12-12 00:24:00,630 - root - INFO - Model is predicting.
2023-12-12 00:24:00,651 - root - INFO - Model has finished predicting & store the labels and predicted
2023-12-12 00:24:00,652 - root - INFO - Model is predicting.
2023-12-12 00:24:00,673 - root - INFO - Model has finished predicting & store the labels and predicted
2023-12-12 00:24:00,674 - root - INFO - Model is predicting.
2023-12-12 00:24:00,695 - root - INFO - Model has finished predicting & store the labels and predicted
2023-12-12 00:24:00,697 - root - INFO - Model is predicting.
2023-12-12 00:24:00,717 - root - INFO - Model has finished predicting & store the labels and predicted
2023-12-12 00:24:00,719 - root - INFO - Model is predicting.
2023-12-12 00:24:00,739 - root - INFO - Model has finished predicting & store the labels and predicted
2023-12-12 00:24:00,740 - root - INFO - Model is predicting.
2023-12-12 00:24:00,753 - root - INFO - Model has finished predicting & store the labels and predicted
2023-12-12 00:24:00,770 - root - INFO -    Accuracy  Precision    Recall  F1_score
0  0.665306   0.665306  0.665306  0.665306
2023-12-12 00:24:00,776 - root - INFO -               precision    recall  f1-score   support

           0       0.63      0.64      0.64       747
           1       0.62      0.68      0.64       879
           2       0.97      0.69      0.80       334

    accuracy                           0.67      1960
   macro avg       0.74      0.67      0.70      1960
weighted avg       0.68      0.67      0.67      1960

